# JRE version: OpenJDK Runtime Environment (16.0.2+7) (build 16.0.2+7-67)
# Java VM: OpenJDK 64-Bit Server VM (16.0.2+7-67, mixed mode, tiered, compressed oops, compressed class ptrs, g1 gc, windows-amd64)
GC Precious Log:
 CPUs: 12 total, 12 available
 Memory: 16250M
 Large Page Support: Disabled
 NUMA Support: Disabled
 Compressed Oops: Enabled (Zero based)
 Heap Region Size: 2M
 Heap Min Capacity: 8M
 Heap Initial Capacity: 254M
 Heap Max Capacity: 4064M
 Pre-touch: Disabled
 Parallel Workers: 10
 Concurrent Workers: 3
 Concurrent Refinement Workers: 10
 Periodic GC: Disabled
Heap:
 garbage-first heap   total 204800K, used 128004K [0x0000000702000000, 0x0000000800000000)
  region size 2048K, 23 young (47104K), 1 survivors (2048K)
 Metaspace       used 43883K, committed 44160K, reserved 1089536K
  class space    used 4369K, committed 4480K, reserved 1048576K
GC Heap History (20 events):
Event: 1018.909 GC heap before
{Heap before GC invocations=26 (full 0):
 garbage-first heap   total 104448K, used 58365K [0x0000000702000000, 0x0000000800000000)
  region size 2048K, 3 young (6144K), 2 survivors (4096K)
 Metaspace       used 42827K, committed 43136K, reserved 1089536K
  class space    used 4336K, committed 4480K, reserved 1048576K
}
Event: 1018.911 GC heap after
{Heap after GC invocations=27 (full 0):
 garbage-first heap   total 104448K, used 46178K [0x0000000702000000, 0x0000000800000000)
  region size 2048K, 1 young (2048K), 1 survivors (2048K)
 Metaspace       used 42827K, committed 43136K, reserved 1089536K
  class space    used 4336K, committed 4480K, reserved 1048576K
}
Event: 1018.916 GC heap before
{Heap before GC invocations=27 (full 0):
 garbage-first heap   total 104448K, used 48226K [0x0000000702000000, 0x0000000800000000)
  region size 2048K, 2 young (4096K), 1 survivors (2048K)
 Metaspace       used 42827K, committed 43136K, reserved 1089536K
  class space    used 4336K, committed 4480K, reserved 1048576K
}
Event: 1018.918 GC heap after
{Heap after GC invocations=28 (full 0):
 garbage-first heap   total 104448K, used 36893K [0x0000000702000000, 0x0000000800000000)
  region size 2048K, 1 young (2048K), 1 survivors (2048K)
 Metaspace       used 42827K, committed 43136K, reserved 1089536K
  class space    used 4336K, committed 4480K, reserved 1048576K
}
Event: 1019.027 GC heap before
{Heap before GC invocations=28 (full 0):
 garbage-first heap   total 104448K, used 71709K [0x0000000702000000, 0x0000000800000000)
  region size 2048K, 18 young (36864K), 1 survivors (2048K)
 Metaspace       used 42898K, committed 43200K, reserved 1089536K
  class space    used 4336K, committed 4480K, reserved 1048576K
}
Event: 1019.029 GC heap after
{Heap after GC invocations=29 (full 0):
 garbage-first heap   total 104448K, used 44959K [0x0000000702000000, 0x0000000800000000)
  region size 2048K, 3 young (6144K), 3 survivors (6144K)
 Metaspace       used 42898K, committed 43200K, reserved 1089536K
  class space    used 4336K, committed 4480K, reserved 1048576K
}
Event: 1524.123 GC heap before
{Heap before GC invocations=29 (full 0):
 garbage-first heap   total 104448K, used 77727K [0x0000000702000000, 0x0000000800000000)
  region size 2048K, 17 young (34816K), 3 survivors (6144K)
 Metaspace       used 43067K, committed 43392K, reserved 1089536K
  class space    used 4336K, committed 4480K, reserved 1048576K
}
Event: 1524.126 GC heap after
{Heap after GC invocations=30 (full 0):
 garbage-first heap   total 204800K, used 45757K [0x0000000702000000, 0x0000000800000000)
  region size 2048K, 1 young (2048K), 1 survivors (2048K)
 Metaspace       used 43067K, committed 43392K, reserved 1089536K
  class space    used 4336K, committed 4480K, reserved 1048576K
}
Event: 1586.534 GC heap before
{Heap before GC invocations=30 (full 0):
 garbage-first heap   total 204800K, used 135869K [0x0000000702000000, 0x0000000800000000)
  region size 2048K, 46 young (94208K), 1 survivors (2048K)
 Metaspace       used 43238K, committed 43520K, reserved 1089536K
  class space    used 4339K, committed 4480K, reserved 1048576K
}
Event: 1586.537 GC heap after
{Heap after GC invocations=31 (full 0):
 garbage-first heap   total 204800K, used 52625K [0x0000000702000000, 0x0000000800000000)
  region size 2048K, 5 young (10240K), 5 survivors (10240K)
 Metaspace       used 43238K, committed 43520K, reserved 1089536K
  class space    used 4339K, committed 4480K, reserved 1048576K
}
Event: 2107.446 GC heap before
{Heap before GC invocations=31 (full 0):
 garbage-first heap   total 204800K, used 140689K [0x0000000702000000, 0x0000000800000000)
  region size 2048K, 49 young (100352K), 5 survivors (10240K)
 Metaspace       used 43442K, committed 43712K, reserved 1089536K
  class space    used 4340K, committed 4480K, reserved 1048576K
}
Event: 2107.449 GC heap after
{Heap after GC invocations=32 (full 0):
 garbage-first heap   total 204800K, used 50368K [0x0000000702000000, 0x0000000800000000)
  region size 2048K, 4 young (8192K), 4 survivors (8192K)
 Metaspace       used 43442K, committed 43712K, reserved 1089536K
  class space    used 4340K, committed 4480K, reserved 1048576K
}
Event: 2173.419 GC heap before
{Heap before GC invocations=32 (full 0):
 garbage-first heap   total 204800K, used 163008K [0x0000000702000000, 0x0000000800000000)
  region size 2048K, 51 young (104448K), 4 survivors (8192K)
 Metaspace       used 43657K, committed 43968K, reserved 1089536K
  class space    used 4359K, committed 4480K, reserved 1048576K
}
Event: 2173.422 GC heap after
{Heap after GC invocations=33 (full 0):
 garbage-first heap   total 204800K, used 58778K [0x0000000702000000, 0x0000000800000000)
  region size 2048K, 6 young (12288K), 6 survivors (12288K)
 Metaspace       used 43657K, committed 43968K, reserved 1089536K
  class space    used 4359K, committed 4480K, reserved 1048576K
}
Event: 2375.423 GC heap before
{Heap before GC invocations=33 (full 0):
 garbage-first heap   total 204800K, used 179610K [0x0000000702000000, 0x0000000800000000)
  region size 2048K, 50 young (102400K), 6 survivors (12288K)
 Metaspace       used 43760K, committed 44032K, reserved 1089536K
  class space    used 4363K, committed 4480K, reserved 1048576K
}
Event: 2375.426 GC heap after
{Heap after GC invocations=34 (full 0):
 garbage-first heap   total 204800K, used 56893K [0x0000000702000000, 0x0000000800000000)
  region size 2048K, 5 young (10240K), 5 survivors (10240K)
 Metaspace       used 43760K, committed 44032K, reserved 1089536K
  class space    used 4363K, committed 4480K, reserved 1048576K
}
Event: 2377.017 GC heap before
{Heap before GC invocations=34 (full 0):
 garbage-first heap   total 204800K, used 136765K [0x0000000702000000, 0x0000000800000000)
  region size 2048K, 25 young (51200K), 5 survivors (10240K)
 Metaspace       used 43760K, committed 44032K, reserved 1089536K
  class space    used 4363K, committed 4480K, reserved 1048576K
}
Event: 2377.019 GC heap after
{Heap after GC invocations=35 (full 0):
 garbage-first heap   total 204800K, used 54127K [0x0000000702000000, 0x0000000800000000)
  region size 2048K, 1 young (2048K), 1 survivors (2048K)
 Metaspace       used 43760K, committed 44032K, reserved 1089536K
  class space    used 4363K, committed 4480K, reserved 1048576K
}
Event: 2416.891 GC heap before
{Heap before GC invocations=35 (full 0):
 garbage-first heap   total 204800K, used 150383K [0x0000000702000000, 0x0000000800000000)
  region size 2048K, 31 young (63488K), 1 survivors (2048K)
 Metaspace       used 43764K, committed 44032K, reserved 1089536K
  class space    used 4363K, committed 4480K, reserved 1048576K
}
Event: 2416.892 GC heap after
{Heap after GC invocations=36 (full 0):
 garbage-first heap   total 204800K, used 52228K [0x0000000702000000, 0x0000000800000000)
  region size 2048K, 1 young (2048K), 1 survivors (2048K)
 Metaspace       used 43764K, committed 44032K, reserved 1089536K
  class space    used 4363K, committed 4480K, reserved 1048576K
}

